[INFO]    Initialized logging in Results1\pabot_results
[INFO]    Robot Framework remote server at 127.0.0.1:8270 started.
[DEBUG]   Storing .pabotsuitenames file
[DEBUG]   2026-03-11 15:00:50.940215 [PID:4236] [0] [ID:1] EXECUTING Suites.TC26 POM LoginMercury1
[DEBUG]   2026-03-11 15:00:50.941279 [PID:15704] [1] [ID:0] EXECUTING Suites.TC1 inputbox1
[DEBUG]   2026-03-11 15:00:56.087159 [PID:4236] [0] [ID:1] still running Suites.TC26 POM LoginMercury1 after 5.0s
[DEBUG]   2026-03-11 15:00:56.087287 [PID:15704] [1] [ID:0] still running Suites.TC1 inputbox1 after 5.0s
[DEBUG]   2026-03-11 15:01:06.492210 [PID:4236] [0] [ID:1] still running Suites.TC26 POM LoginMercury1 after 15.0s
[DEBUG]   2026-03-11 15:01:06.492319 [PID:15704] [1] [ID:0] still running Suites.TC1 inputbox1 after 15.0s
[INFO]    2026-03-11 15:01:20.619462 [PID:4236] [0] [ID:1] PASSED Suites.TC26 POM LoginMercury1 in 29.8 seconds
[DEBUG]   2026-03-11 15:01:23.485871 [PID:15704] [1] [ID:0] still running Suites.TC1 inputbox1 after 30.0s
[INFO]    2026-03-11 15:01:28.586399 [PID:15704] [1] [ID:0] PASSED Suites.TC1 inputbox1 in 37.8 seconds
[INFO]    2 tests, 2 passed, 0 failed, 0 skipped.
[INFO]    ===================================================
[INFO]    Output:  C:\Users\admin\PycharmProjects\robotframework\Results1\output.xml
[INFO]    Log:     C:\Users\admin\PycharmProjects\robotframework\Results1\log.html
[INFO]    Report:  C:\Users\admin\PycharmProjects\robotframework\Results1\report.html
[DEBUG]   Finalizing Pabot execution...
[DEBUG]   Stopping PabotLib process
[INFO]    Robot Framework remote server at 127.0.0.1:8270 stopped.
[DEBUG]   PabotLib process stopped
[INFO]    Total testing: 1 minute 7.59 seconds
[INFO]    Elapsed time:  42.39 seconds
[DEBUG]   Logs flushed successfully.
